[INFO][main.go:35]2022/08/25 10:12:23 [Actual pid is %d 47074]
[ERROR][main.go:40]2022/08/25 10:13:57 [Server err: %v accept tcp [::]:8080: use of closed network connection]
[ERROR][article.go:74]2022/08/25 10:25:13 [err.key: %s, err.message: %s state 状态只允许0或1]
[ERROR][article.go:74]2022/08/25 10:25:13 [err.key: %s, err.message: %s tag_id 标签ID必须大于0]
[ERROR][article.go:74]2022/08/25 10:25:23 [err.key: %s, err.message: %s state 状态只允许0或1]
[ERROR][article.go:74]2022/08/25 10:25:23 [err.key: %s, err.message: %s tag_id 标签ID必须大于0]
[INFO][cron.go:12]2022/08/25 13:51:15 [Starting...]
[INFO][cron.go:16]2022/08/25 13:51:16 [Run models.CleanAllTag...]
[INFO][cron.go:20]2022/08/25 13:51:16 [Run models.CleanAllArticle...]
[INFO][cron.go:20]2022/08/25 13:51:17 [Run models.CleanAllArticle...]
[INFO][cron.go:20]2022/08/25 13:51:17 [Run models.CleanAllTag...]
[INFO][cron.go:16]2022/08/25 13:51:18 [Run models.CleanAllArticle...]
[INFO][cron.go:16]2022/08/25 13:51:18 [Run models.CleanAllTag...]
[INFO][cron.go:20]2022/08/25 13:51:19 [Run models.CleanAllArticle...]
[INFO][cron.go:20]2022/08/25 13:51:19 [Run models.CleanAllTag...]
[ERROR][tag.go:78]2022/08/25 17:38:27 [err.key: %s, err.message: %s state 状态只允许0或1]
[ERROR][tag.go:78]2022/08/25 17:40:38 [err.key: %s, err.message: %s state 状态只允许0或1]
[ERROR][tag.go:78]2022/08/25 17:41:45 [err.key: %s, err.message: %s state 状态只允许0或1]
[ERROR][article.go:124]2022/08/25 20:00:40 [err.key: %s, err.message: %s tag_id 标签ID必须大于0]
[ERROR][article.go:124]2022/08/25 20:00:40 [err.key: %s, err.message: %s title 标题不能为空]
[ERROR][article.go:124]2022/08/25 20:00:40 [err.key: %s, err.message: %s desc 简述不能为空]
[ERROR][article.go:124]2022/08/25 20:00:40 [err.key: %s, err.message: %s content 内容不能为空]
[ERROR][article.go:124]2022/08/25 20:00:40 [err.key: %s, err.message: %s created_by 创建人不能为空]
[ERROR][article.go:126]2022/08/25 20:02:35 [err.key: %s, err.message: %s tag_id 标签ID必须大于0]
[ERROR][article.go:126]2022/08/25 20:02:35 [err.key: %s, err.message: %s title 标题不能为空]
[ERROR][article.go:126]2022/08/25 20:02:35 [err.key: %s, err.message: %s desc 简述不能为空]
[ERROR][article.go:126]2022/08/25 20:02:35 [err.key: %s, err.message: %s content 内容不能为空]
[ERROR][article.go:126]2022/08/25 20:02:35 [err.key: %s, err.message: %s created_by 创建人不能为空]
[ERROR][article.go:126]2022/08/25 20:23:26 [err.key: %s, err.message: %s tag_id 标签ID必须大于0]
[ERROR][article.go:126]2022/08/25 20:23:26 [err.key: %s, err.message: %s title 标题不能为空]
[ERROR][article.go:126]2022/08/25 20:23:26 [err.key: %s, err.message: %s desc 简述不能为空]
[ERROR][article.go:126]2022/08/25 20:23:26 [err.key: %s, err.message: %s content 内容不能为空]
[ERROR][article.go:126]2022/08/25 20:23:26 [err.key: %s, err.message: %s created_by 创建人不能为空]
